[13-May-2019 12:48:42 UTC] PHP Warning:  mysqli_real_connect(): php_network_getaddresses: getaddrinfo failed: Name or service not known in /var/www/html/wp-includes/wp-db.php on line 1612
[13-May-2019 12:48:42 UTC] PHP Warning:  mysqli_real_connect(): (HY000/2002): php_network_getaddresses: getaddrinfo failed: Name or service not known in /var/www/html/wp-includes/wp-db.php on line 1612
[13-May-2019 12:48:47 UTC] PHP Warning:  mysqli_real_connect(): php_network_getaddresses: getaddrinfo failed: Name or service not known in /var/www/html/wp-includes/wp-db.php on line 1612
[13-May-2019 12:48:47 UTC] PHP Warning:  mysqli_real_connect(): (HY000/2002): php_network_getaddresses: getaddrinfo failed: Name or service not known in /var/www/html/wp-includes/wp-db.php on line 1612
[13-May-2019 12:48:56 UTC] PHP Warning:  mysqli_real_connect(): php_network_getaddresses: getaddrinfo failed: Name or service not known in /var/www/html/wp-includes/wp-db.php on line 1612
[13-May-2019 12:48:56 UTC] PHP Warning:  mysqli_real_connect(): (HY000/2002): php_network_getaddresses: getaddrinfo failed: Name or service not known in /var/www/html/wp-includes/wp-db.php on line 1612
[13-May-2019 12:48:57 UTC] PHP Warning:  mysqli_real_connect(): php_network_getaddresses: getaddrinfo failed: Name or service not known in /var/www/html/wp-includes/wp-db.php on line 1612
[13-May-2019 12:48:57 UTC] PHP Warning:  mysqli_real_connect(): (HY000/2002): php_network_getaddresses: getaddrinfo failed: Name or service not known in /var/www/html/wp-includes/wp-db.php on line 1612
[13-May-2019 13:13:50 UTC] PHP Warning:  Cannot modify header information - headers already sent by (output started at /var/www/html/wp-content/themes/onBoardingTheme/inc/register-menu-location.php:1) in /var/www/html/wp-admin/includes/misc.php on line 1196
[13-May-2019 13:14:00 UTC] PHP Warning:  Cannot modify header information - headers already sent by (output started at /var/www/html/wp-content/themes/onBoardingTheme/inc/register-menu-location.php:1) in /var/www/html/wp-admin/includes/misc.php on line 1196
[13-May-2019 13:14:03 UTC] PHP Warning:  Cannot modify header information - headers already sent by (output started at /var/www/html/wp-content/themes/onBoardingTheme/inc/register-menu-location.php:1) in /var/www/html/wp-admin/includes/misc.php on line 1196
[13-May-2019 13:14:04 UTC] PHP Warning:  Cannot modify header information - headers already sent by (output started at /var/www/html/wp-content/themes/onBoardingTheme/inc/register-menu-location.php:1) in /var/www/html/wp-admin/includes/misc.php on line 1196
[13-May-2019 13:14:11 UTC] PHP Warning:  Cannot modify header information - headers already sent by (output started at /var/www/html/wp-content/themes/onBoardingTheme/inc/register-menu-location.php:1) in /var/www/html/wp-admin/includes/misc.php on line 1196
[13-May-2019 13:14:13 UTC] PHP Warning:  Cannot modify header information - headers already sent by (output started at /var/www/html/wp-content/themes/onBoardingTheme/inc/register-menu-location.php:1) in /var/www/html/wp-admin/includes/misc.php on line 1196
[13-May-2019 13:14:14 UTC] PHP Warning:  Cannot modify header information - headers already sent by (output started at /var/www/html/wp-content/themes/onBoardingTheme/inc/register-menu-location.php:1) in /var/www/html/wp-admin/includes/misc.php on line 1196
[13-May-2019 13:15:14 UTC] PHP Warning:  Cannot modify header information - headers already sent by (output started at /var/www/html/wp-content/themes/onBoardingTheme/inc/register-menu-location.php:1) in /var/www/html/wp-admin/includes/misc.php on line 1196
[13-May-2019 13:17:14 UTC] PHP Warning:  Cannot modify header information - headers already sent by (output started at /var/www/html/wp-content/themes/onBoardingTheme/inc/register-menu-location.php:1) in /var/www/html/wp-admin/includes/misc.php on line 1196
[13-May-2019 13:22:05 UTC] PHP Warning:  Cannot modify header information - headers already sent by (output started at /var/www/html/wp-content/themes/onBoardingTheme/inc/register-menu-location.php:1) in /var/www/html/wp-admin/includes/misc.php on line 1196
[13-May-2019 13:22:05 UTC] PHP Warning:  Cannot modify header information - headers already sent by (output started at /var/www/html/wp-content/themes/onBoardingTheme/inc/register-menu-location.php:1) in /var/www/html/wp-admin/includes/misc.php on line 1196
[13-May-2019 13:22:05 UTC] PHP Warning:  Cannot modify header information - headers already sent by (output started at /var/www/html/wp-content/themes/onBoardingTheme/inc/register-menu-location.php:1) in /var/www/html/wp-login.php on line 453
[13-May-2019 13:22:05 UTC] PHP Warning:  Cannot modify header information - headers already sent by (output started at /var/www/html/wp-content/themes/onBoardingTheme/inc/register-menu-location.php:1) in /var/www/html/wp-login.php on line 468
[13-May-2019 13:22:05 UTC] PHP Warning:  Cannot modify header information - headers already sent by (output started at /var/www/html/wp-content/themes/onBoardingTheme/inc/register-menu-location.php:1) in /var/www/html/wp-includes/pluggable.php on line 1251
[13-May-2019 13:22:05 UTC] PHP Warning:  Cannot modify header information - headers already sent by (output started at /var/www/html/wp-content/themes/onBoardingTheme/inc/register-menu-location.php:1) in /var/www/html/wp-includes/pluggable.php on line 1254
[13-May-2019 13:22:07 UTC] PHP Warning:  Cannot modify header information - headers already sent by (output started at /var/www/html/wp-content/themes/onBoardingTheme/inc/register-menu-location.php:1) in /var/www/html/wp-includes/pluggable.php on line 1251
[13-May-2019 13:22:07 UTC] PHP Warning:  Cannot modify header information - headers already sent by (output started at /var/www/html/wp-content/themes/onBoardingTheme/inc/register-menu-location.php:1) in /var/www/html/wp-includes/pluggable.php on line 1254
[13-May-2019 13:22:12 UTC] PHP Warning:  Cannot modify header information - headers already sent by (output started at /var/www/html/wp-content/themes/onBoardingTheme/inc/register-menu-location.php:1) in /var/www/html/wp-includes/pluggable.php on line 1251
[13-May-2019 13:22:12 UTC] PHP Warning:  Cannot modify header information - headers already sent by (output started at /var/www/html/wp-content/themes/onBoardingTheme/inc/register-menu-location.php:1) in /var/www/html/wp-includes/pluggable.php on line 1254
[13-May-2019 13:22:15 UTC] PHP Warning:  Cannot modify header information - headers already sent by (output started at /var/www/html/wp-content/themes/onBoardingTheme/inc/register-menu-location.php:1) in /var/www/html/wp-includes/pluggable.php on line 1251
[13-May-2019 13:22:15 UTC] PHP Warning:  Cannot modify header information - headers already sent by (output started at /var/www/html/wp-content/themes/onBoardingTheme/inc/register-menu-location.php:1) in /var/www/html/wp-includes/pluggable.php on line 1254
[13-May-2019 13:22:15 UTC] PHP Warning:  Cannot modify header information - headers already sent by (output started at /var/www/html/wp-content/themes/onBoardingTheme/inc/register-menu-location.php:1) in /var/www/html/wp-includes/pluggable.php on line 1251
[13-May-2019 13:22:15 UTC] PHP Warning:  Cannot modify header information - headers already sent by (output started at /var/www/html/wp-content/themes/onBoardingTheme/inc/register-menu-location.php:1) in /var/www/html/wp-includes/pluggable.php on line 1254
[13-May-2019 13:22:16 UTC] PHP Warning:  Cannot modify header information - headers already sent by (output started at /var/www/html/wp-content/themes/onBoardingTheme/inc/register-menu-location.php:1) in /var/www/html/wp-includes/pluggable.php on line 1251
[13-May-2019 13:22:16 UTC] PHP Warning:  Cannot modify header information - headers already sent by (output started at /var/www/html/wp-content/themes/onBoardingTheme/inc/register-menu-location.php:1) in /var/www/html/wp-includes/pluggable.php on line 1254
[13-May-2019 13:22:16 UTC] PHP Warning:  Cannot modify header information - headers already sent by (output started at /var/www/html/wp-content/themes/onBoardingTheme/inc/register-menu-location.php:1) in /var/www/html/wp-includes/pluggable.php on line 1251
[13-May-2019 13:22:16 UTC] PHP Warning:  Cannot modify header information - headers already sent by (output started at /var/www/html/wp-content/themes/onBoardingTheme/inc/register-menu-location.php:1) in /var/www/html/wp-includes/pluggable.php on line 1254
[13-May-2019 13:22:24 UTC] PHP Warning:  Cannot modify header information - headers already sent by (output started at /var/www/html/wp-content/themes/onBoardingTheme/inc/register-menu-location.php:1) in /var/www/html/wp-includes/pluggable.php on line 1251
[13-May-2019 13:22:24 UTC] PHP Warning:  Cannot modify header information - headers already sent by (output started at /var/www/html/wp-content/themes/onBoardingTheme/inc/register-menu-location.php:1) in /var/www/html/wp-includes/pluggable.php on line 1254
[13-May-2019 13:22:32 UTC] PHP Warning:  Cannot modify header information - headers already sent by (output started at /var/www/html/wp-content/themes/onBoardingTheme/inc/register-menu-location.php:1) in /var/www/html/wp-includes/pluggable.php on line 1251
[13-May-2019 13:22:32 UTC] PHP Warning:  Cannot modify header information - headers already sent by (output started at /var/www/html/wp-content/themes/onBoardingTheme/inc/register-menu-location.php:1) in /var/www/html/wp-includes/pluggable.php on line 1254
[13-May-2019 13:22:32 UTC] PHP Warning:  Cannot modify header information - headers already sent by (output started at /var/www/html/wp-content/themes/onBoardingTheme/inc/register-menu-location.php:1) in /var/www/html/wp-includes/pluggable.php on line 1251
[13-May-2019 13:22:32 UTC] PHP Warning:  Cannot modify header information - headers already sent by (output started at /var/www/html/wp-content/themes/onBoardingTheme/inc/register-menu-location.php:1) in /var/www/html/wp-includes/pluggable.php on line 1254
[13-May-2019 13:22:33 UTC] PHP Warning:  Cannot modify header information - headers already sent by (output started at /var/www/html/wp-content/themes/onBoardingTheme/inc/register-menu-location.php:1) in /var/www/html/wp-includes/pluggable.php on line 1251
[13-May-2019 13:22:33 UTC] PHP Warning:  Cannot modify header information - headers already sent by (output started at /var/www/html/wp-content/themes/onBoardingTheme/inc/register-menu-location.php:1) in /var/www/html/wp-includes/pluggable.php on line 1254
[13-May-2019 13:22:33 UTC] PHP Warning:  Cannot modify header information - headers already sent by (output started at /var/www/html/wp-content/themes/onBoardingTheme/inc/register-menu-location.php:1) in /var/www/html/wp-includes/pluggable.php on line 1251
[13-May-2019 13:22:33 UTC] PHP Warning:  Cannot modify header information - headers already sent by (output started at /var/www/html/wp-content/themes/onBoardingTheme/inc/register-menu-location.php:1) in /var/www/html/wp-includes/pluggable.php on line 1254
[13-May-2019 13:22:33 UTC] PHP Warning:  Cannot modify header information - headers already sent by (output started at /var/www/html/wp-content/themes/onBoardingTheme/inc/register-menu-location.php:1) in /var/www/html/wp-includes/pluggable.php on line 1251
[13-May-2019 13:22:33 UTC] PHP Warning:  Cannot modify header information - headers already sent by (output started at /var/www/html/wp-content/themes/onBoardingTheme/inc/register-menu-location.php:1) in /var/www/html/wp-includes/pluggable.php on line 1254
[13-May-2019 13:22:33 UTC] PHP Warning:  Cannot modify header information - headers already sent by (output started at /var/www/html/wp-content/themes/onBoardingTheme/inc/register-menu-location.php:1) in /var/www/html/wp-includes/pluggable.php on line 1251
[13-May-2019 13:22:33 UTC] PHP Warning:  Cannot modify header information - headers already sent by (output started at /var/www/html/wp-content/themes/onBoardingTheme/inc/register-menu-location.php:1) in /var/www/html/wp-includes/pluggable.php on line 1254
[13-May-2019 13:22:36 UTC] PHP Warning:  Cannot modify header information - headers already sent by (output started at /var/www/html/wp-content/themes/onBoardingTheme/inc/register-menu-location.php:1) in /var/www/html/wp-includes/pluggable.php on line 1251
[13-May-2019 13:22:36 UTC] PHP Warning:  Cannot modify header information - headers already sent by (output started at /var/www/html/wp-content/themes/onBoardingTheme/inc/register-menu-location.php:1) in /var/www/html/wp-includes/pluggable.php on line 1254
[13-May-2019 13:22:36 UTC] PHP Warning:  Cannot modify header information - headers already sent by (output started at /var/www/html/wp-content/themes/onBoardingTheme/inc/register-menu-location.php:1) in /var/www/html/wp-includes/pluggable.php on line 1251
[13-May-2019 13:22:36 UTC] PHP Warning:  Cannot modify header information - headers already sent by (output started at /var/www/html/wp-content/themes/onBoardingTheme/inc/register-menu-location.php:1) in /var/www/html/wp-includes/pluggable.php on line 1254
[13-May-2019 13:22:36 UTC] PHP Warning:  Cannot modify header information - headers already sent by (output started at /var/www/html/wp-content/themes/onBoardingTheme/inc/register-menu-location.php:1) in /var/www/html/wp-includes/pluggable.php on line 1251
[13-May-2019 13:22:36 UTC] PHP Warning:  Cannot modify header information - headers already sent by (output started at /var/www/html/wp-content/themes/onBoardingTheme/inc/register-menu-location.php:1) in /var/www/html/wp-includes/pluggable.php on line 1254
[13-May-2019 13:22:36 UTC] PHP Warning:  Cannot modify header information - headers already sent by (output started at /var/www/html/wp-content/themes/onBoardingTheme/inc/register-menu-location.php:1) in /var/www/html/wp-includes/pluggable.php on line 1251
[13-May-2019 13:22:36 UTC] PHP Warning:  Cannot modify header information - headers already sent by (output started at /var/www/html/wp-content/themes/onBoardingTheme/inc/register-menu-location.php:1) in /var/www/html/wp-includes/pluggable.php on line 1254
[13-May-2019 13:22:37 UTC] PHP Warning:  Cannot modify header information - headers already sent by (output started at /var/www/html/wp-content/themes/onBoardingTheme/inc/register-menu-location.php:1) in /var/www/html/wp-includes/pluggable.php on line 1251
[13-May-2019 13:22:37 UTC] PHP Warning:  Cannot modify header information - headers already sent by (output started at /var/www/html/wp-content/themes/onBoardingTheme/inc/register-menu-location.php:1) in /var/www/html/wp-includes/pluggable.php on line 1254
[13-May-2019 13:22:51 UTC] PHP Warning:  Cannot modify header information - headers already sent by (output started at /var/www/html/wp-content/themes/onBoardingTheme/inc/register-menu-location.php:1) in /var/www/html/wp-includes/pluggable.php on line 1251
[13-May-2019 13:22:51 UTC] PHP Warning:  Cannot modify header information - headers already sent by (output started at /var/www/html/wp-content/themes/onBoardingTheme/inc/register-menu-location.php:1) in /var/www/html/wp-includes/pluggable.php on line 1254
[13-May-2019 13:22:54 UTC] PHP Warning:  Cannot modify header information - headers already sent by (output started at /var/www/html/wp-content/themes/onBoardingTheme/inc/register-menu-location.php:1) in /var/www/html/wp-includes/pluggable.php on line 1251
[13-May-2019 13:22:54 UTC] PHP Warning:  Cannot modify header information - headers already sent by (output started at /var/www/html/wp-content/themes/onBoardingTheme/inc/register-menu-location.php:1) in /var/www/html/wp-includes/pluggable.php on line 1254
[13-May-2019 13:24:53 UTC] PHP Warning:  Cannot modify header information - headers already sent by (output started at /var/www/html/wp-content/themes/onBoardingTheme/inc/register-menu-location.php:1) in /var/www/html/wp-includes/pluggable.php on line 1251
[13-May-2019 13:24:53 UTC] PHP Warning:  Cannot modify header information - headers already sent by (output started at /var/www/html/wp-content/themes/onBoardingTheme/inc/register-menu-location.php:1) in /var/www/html/wp-includes/pluggable.php on line 1254
[13-May-2019 13:24:53 UTC] PHP Warning:  Cannot modify header information - headers already sent by (output started at /var/www/html/wp-content/themes/onBoardingTheme/inc/register-menu-location.php:1) in /var/www/html/wp-includes/pluggable.php on line 1251
[13-May-2019 13:24:53 UTC] PHP Warning:  Cannot modify header information - headers already sent by (output started at /var/www/html/wp-content/themes/onBoardingTheme/inc/register-menu-location.php:1) in /var/www/html/wp-includes/pluggable.php on line 1254
[13-May-2019 13:24:54 UTC] PHP Warning:  Cannot modify header information - headers already sent by (output started at /var/www/html/wp-content/themes/onBoardingTheme/inc/register-menu-location.php:1) in /var/www/html/wp-includes/pluggable.php on line 1251
[13-May-2019 13:24:54 UTC] PHP Warning:  Cannot modify header information - headers already sent by (output started at /var/www/html/wp-content/themes/onBoardingTheme/inc/register-menu-location.php:1) in /var/www/html/wp-includes/pluggable.php on line 1254
[13-May-2019 13:24:54 UTC] PHP Warning:  Cannot modify header information - headers already sent by (output started at /var/www/html/wp-content/themes/onBoardingTheme/inc/register-menu-location.php:1) in /var/www/html/wp-includes/pluggable.php on line 1251
[13-May-2019 13:24:54 UTC] PHP Warning:  Cannot modify header information - headers already sent by (output started at /var/www/html/wp-content/themes/onBoardingTheme/inc/register-menu-location.php:1) in /var/www/html/wp-includes/pluggable.php on line 1254
[13-May-2019 13:24:54 UTC] PHP Warning:  Cannot modify header information - headers already sent by (output started at /var/www/html/wp-content/themes/onBoardingTheme/inc/register-menu-location.php:1) in /var/www/html/wp-includes/pluggable.php on line 1251
[13-May-2019 13:24:54 UTC] PHP Warning:  Cannot modify header information - headers already sent by (output started at /var/www/html/wp-content/themes/onBoardingTheme/inc/register-menu-location.php:1) in /var/www/html/wp-includes/pluggable.php on line 1254
[13-May-2019 13:26:27 UTC] PHP Warning:  Cannot modify header information - headers already sent by (output started at /var/www/html/wp-content/themes/onBoardingTheme/inc/register-menu-location.php:1) in /var/www/html/wp-includes/pluggable.php on line 1251
[13-May-2019 13:26:27 UTC] PHP Warning:  Cannot modify header information - headers already sent by (output started at /var/www/html/wp-content/themes/onBoardingTheme/inc/register-menu-location.php:1) in /var/www/html/wp-includes/pluggable.php on line 1254
[13-May-2019 13:27:06 UTC] PHP Warning:  Cannot modify header information - headers already sent by (output started at /var/www/html/wp-content/themes/onBoardingTheme/inc/register-menu-location.php:1) in /var/www/html/wp-includes/pluggable.php on line 1251
[13-May-2019 13:27:06 UTC] PHP Warning:  Cannot modify header information - headers already sent by (output started at /var/www/html/wp-content/themes/onBoardingTheme/inc/register-menu-location.php:1) in /var/www/html/wp-includes/pluggable.php on line 1254
[13-May-2019 13:27:07 UTC] PHP Warning:  Cannot modify header information - headers already sent by (output started at /var/www/html/wp-content/themes/onBoardingTheme/inc/register-menu-location.php:1) in /var/www/html/wp-includes/pluggable.php on line 1251
[13-May-2019 13:27:07 UTC] PHP Warning:  Cannot modify header information - headers already sent by (output started at /var/www/html/wp-content/themes/onBoardingTheme/inc/register-menu-location.php:1) in /var/www/html/wp-includes/pluggable.php on line 1254
[13-May-2019 13:27:07 UTC] PHP Warning:  Cannot modify header information - headers already sent by (output started at /var/www/html/wp-content/themes/onBoardingTheme/inc/register-menu-location.php:1) in /var/www/html/wp-includes/pluggable.php on line 1251
[13-May-2019 13:27:07 UTC] PHP Warning:  Cannot modify header information - headers already sent by (output started at /var/www/html/wp-content/themes/onBoardingTheme/inc/register-menu-location.php:1) in /var/www/html/wp-includes/pluggable.php on line 1254
[13-May-2019 13:27:08 UTC] PHP Warning:  Cannot modify header information - headers already sent by (output started at /var/www/html/wp-content/themes/onBoardingTheme/inc/register-menu-location.php:1) in /var/www/html/wp-includes/pluggable.php on line 1251
[13-May-2019 13:27:08 UTC] PHP Warning:  Cannot modify header information - headers already sent by (output started at /var/www/html/wp-content/themes/onBoardingTheme/inc/register-menu-location.php:1) in /var/www/html/wp-includes/pluggable.php on line 1254
[13-May-2019 13:27:08 UTC] PHP Warning:  Cannot modify header information - headers already sent by (output started at /var/www/html/wp-content/themes/onBoardingTheme/inc/register-menu-location.php:1) in /var/www/html/wp-includes/pluggable.php on line 1251
[13-May-2019 13:27:08 UTC] PHP Warning:  Cannot modify header information - headers already sent by (output started at /var/www/html/wp-content/themes/onBoardingTheme/inc/register-menu-location.php:1) in /var/www/html/wp-includes/pluggable.php on line 1254
[13-May-2019 13:27:17 UTC] PHP Warning:  Cannot modify header information - headers already sent by (output started at /var/www/html/wp-content/themes/onBoardingTheme/inc/register-menu-location.php:1) in /var/www/html/wp-includes/pluggable.php on line 1251
[13-May-2019 13:27:17 UTC] PHP Warning:  Cannot modify header information - headers already sent by (output started at /var/www/html/wp-content/themes/onBoardingTheme/inc/register-menu-location.php:1) in /var/www/html/wp-includes/pluggable.php on line 1254
[13-May-2019 13:27:18 UTC] PHP Warning:  Cannot modify header information - headers already sent by (output started at /var/www/html/wp-content/themes/onBoardingTheme/inc/register-menu-location.php:1) in /var/www/html/wp-includes/pluggable.php on line 1251
[13-May-2019 13:27:18 UTC] PHP Warning:  Cannot modify header information - headers already sent by (output started at /var/www/html/wp-content/themes/onBoardingTheme/inc/register-menu-location.php:1) in /var/www/html/wp-includes/pluggable.php on line 1254
[13-May-2019 13:27:18 UTC] PHP Warning:  Cannot modify header information - headers already sent by (output started at /var/www/html/wp-content/themes/onBoardingTheme/inc/register-menu-location.php:1) in /var/www/html/wp-includes/pluggable.php on line 1251
[13-May-2019 13:27:18 UTC] PHP Warning:  Cannot modify header information - headers already sent by (output started at /var/www/html/wp-content/themes/onBoardingTheme/inc/register-menu-location.php:1) in /var/www/html/wp-includes/pluggable.php on line 1254
[13-May-2019 13:27:19 UTC] PHP Warning:  Cannot modify header information - headers already sent by (output started at /var/www/html/wp-content/themes/onBoardingTheme/inc/register-menu-location.php:1) in /var/www/html/wp-includes/pluggable.php on line 1251
[13-May-2019 13:27:19 UTC] PHP Warning:  Cannot modify header information - headers already sent by (output started at /var/www/html/wp-content/themes/onBoardingTheme/inc/register-menu-location.php:1) in /var/www/html/wp-includes/pluggable.php on line 1254
[13-May-2019 13:27:19 UTC] PHP Warning:  Cannot modify header information - headers already sent by (output started at /var/www/html/wp-content/themes/onBoardingTheme/inc/register-menu-location.php:1) in /var/www/html/wp-includes/pluggable.php on line 1251
[13-May-2019 13:27:19 UTC] PHP Warning:  Cannot modify header information - headers already sent by (output started at /var/www/html/wp-content/themes/onBoardingTheme/inc/register-menu-location.php:1) in /var/www/html/wp-includes/pluggable.php on line 1254
[13-May-2019 13:27:19 UTC] PHP Warning:  Cannot modify header information - headers already sent by (output started at /var/www/html/wp-content/themes/onBoardingTheme/inc/register-menu-location.php:1) in /var/www/html/wp-includes/pluggable.php on line 1251
[13-May-2019 13:27:19 UTC] PHP Warning:  Cannot modify header information - headers already sent by (output started at /var/www/html/wp-content/themes/onBoardingTheme/inc/register-menu-location.php:1) in /var/www/html/wp-includes/pluggable.php on line 1254
[13-May-2019 13:27:19 UTC] PHP Warning:  Cannot modify header information - headers already sent by (output started at /var/www/html/wp-content/themes/onBoardingTheme/inc/register-menu-location.php:1) in /var/www/html/wp-includes/pluggable.php on line 1251
[13-May-2019 13:27:19 UTC] PHP Warning:  Cannot modify header information - headers already sent by (output started at /var/www/html/wp-content/themes/onBoardingTheme/inc/register-menu-location.php:1) in /var/www/html/wp-includes/pluggable.php on line 1254
[13-May-2019 13:27:19 UTC] PHP Warning:  Cannot modify header information - headers already sent by (output started at /var/www/html/wp-content/themes/onBoardingTheme/inc/register-menu-location.php:1) in /var/www/html/wp-includes/pluggable.php on line 1251
[13-May-2019 13:27:19 UTC] PHP Warning:  Cannot modify header information - headers already sent by (output started at /var/www/html/wp-content/themes/onBoardingTheme/inc/register-menu-location.php:1) in /var/www/html/wp-includes/pluggable.php on line 1254
[13-May-2019 13:27:19 UTC] PHP Warning:  Cannot modify header information - headers already sent by (output started at /var/www/html/wp-content/themes/onBoardingTheme/inc/register-menu-location.php:1) in /var/www/html/wp-includes/pluggable.php on line 1251
[13-May-2019 13:27:19 UTC] PHP Warning:  Cannot modify header information - headers already sent by (output started at /var/www/html/wp-content/themes/onBoardingTheme/inc/register-menu-location.php:1) in /var/www/html/wp-includes/pluggable.php on line 1254
[13-May-2019 13:27:23 UTC] PHP Warning:  call_user_func_array() expects parameter 1 to be a valid callback, function 'register_menu' not found or invalid function name in /var/www/html/wp-includes/class-wp-hook.php on line 286
[13-May-2019 13:27:23 UTC] PHP Warning:  Cannot modify header information - headers already sent by (output started at /var/www/html/wp-includes/class-wp-hook.php:286) in /var/www/html/wp-includes/pluggable.php on line 1251
[13-May-2019 13:27:23 UTC] PHP Warning:  Cannot modify header information - headers already sent by (output started at /var/www/html/wp-includes/class-wp-hook.php:286) in /var/www/html/wp-includes/pluggable.php on line 1254
[13-May-2019 13:29:47 UTC] PHP Warning:  Cannot modify header information - headers already sent by (output started at /var/www/html/wp-content/themes/onBoardingTheme/inc/register-menu-location.php:1) in /var/www/html/wp-admin/includes/misc.php on line 1196
[13-May-2019 13:29:48 UTC] PHP Warning:  Cannot modify header information - headers already sent by (output started at /var/www/html/wp-content/themes/onBoardingTheme/inc/register-menu-location.php:1) in /var/www/html/wp-admin/includes/misc.php on line 1196
[13-May-2019 13:30:07 UTC] PHP Warning:  Cannot modify header information - headers already sent by (output started at /var/www/html/wp-content/themes/onBoardingTheme/inc/register-menu-location.php:1) in /var/www/html/wp-admin/includes/misc.php on line 1196
[13-May-2019 13:30:08 UTC] PHP Warning:  Cannot modify header information - headers already sent by (output started at /var/www/html/wp-content/themes/onBoardingTheme/inc/register-menu-location.php:1) in /var/www/html/wp-admin/includes/misc.php on line 1196
[13-May-2019 13:30:58 UTC] PHP Warning:  Cannot modify header information - headers already sent by (output started at /var/www/html/wp-content/themes/onBoardingTheme/inc/register-menu-location.php:1) in /var/www/html/wp-admin/includes/misc.php on line 1196
[13-May-2019 13:31:23 UTC] PHP Warning:  Cannot modify header information - headers already sent by (output started at /var/www/html/wp-content/themes/onBoardingTheme/inc/register-menu-location.php:1) in /var/www/html/wp-admin/includes/misc.php on line 1196
[13-May-2019 13:31:25 UTC] PHP Warning:  Cannot modify header information - headers already sent by (output started at /var/www/html/wp-content/themes/onBoardingTheme/inc/register-menu-location.php:1) in /var/www/html/wp-admin/includes/misc.php on line 1196
[13-May-2019 13:31:25 UTC] PHP Warning:  Cannot modify header information - headers already sent by (output started at /var/www/html/wp-content/themes/onBoardingTheme/inc/register-menu-location.php:1) in /var/www/html/wp-admin/includes/misc.php on line 1196
[13-May-2019 13:31:25 UTC] PHP Warning:  Cannot modify header information - headers already sent by (output started at /var/www/html/wp-content/themes/onBoardingTheme/inc/register-menu-location.php:1) in /var/www/html/wp-admin/includes/misc.php on line 1196
[13-May-2019 13:31:26 UTC] PHP Warning:  Cannot modify header information - headers already sent by (output started at /var/www/html/wp-content/themes/onBoardingTheme/inc/register-menu-location.php:1) in /var/www/html/wp-admin/includes/misc.php on line 1196
[13-May-2019 13:31:26 UTC] PHP Warning:  Cannot modify header information - headers already sent by (output started at /var/www/html/wp-content/themes/onBoardingTheme/inc/register-menu-location.php:1) in /var/www/html/wp-admin/includes/misc.php on line 1196
[13-May-2019 13:31:26 UTC] PHP Warning:  Cannot modify header information - headers already sent by (output started at /var/www/html/wp-content/themes/onBoardingTheme/inc/register-menu-location.php:1) in /var/www/html/wp-admin/includes/misc.php on line 1196
[13-May-2019 13:31:26 UTC] PHP Warning:  Cannot modify header information - headers already sent by (output started at /var/www/html/wp-content/themes/onBoardingTheme/inc/register-menu-location.php:1) in /var/www/html/wp-admin/includes/misc.php on line 1196
[13-May-2019 13:31:27 UTC] PHP Warning:  Cannot modify header information - headers already sent by (output started at /var/www/html/wp-content/themes/onBoardingTheme/inc/register-menu-location.php:1) in /var/www/html/wp-admin/includes/misc.php on line 1196
[13-May-2019 13:31:52 UTC] PHP Warning:  Cannot modify header information - headers already sent by (output started at /var/www/html/wp-content/themes/onBoardingTheme/inc/register-menu-location.php:1) in /var/www/html/wp-admin/includes/misc.php on line 1196
[13-May-2019 13:31:55 UTC] PHP Warning:  Cannot modify header information - headers already sent by (output started at /var/www/html/wp-content/themes/onBoardingTheme/inc/register-menu-location.php:1) in /var/www/html/wp-admin/includes/misc.php on line 1196
[13-May-2019 13:32:58 UTC] PHP Warning:  Cannot modify header information - headers already sent by (output started at /var/www/html/wp-content/themes/onBoardingTheme/inc/register-menu-location.php:1) in /var/www/html/wp-admin/includes/misc.php on line 1196
[13-May-2019 13:33:28 UTC] PHP Warning:  Cannot modify header information - headers already sent by (output started at /var/www/html/wp-content/themes/onBoardingTheme/inc/register-menu-location.php:1) in /var/www/html/wp-admin/includes/misc.php on line 1196
[13-May-2019 13:33:32 UTC] PHP Warning:  Cannot modify header information - headers already sent by (output started at /var/www/html/wp-content/themes/onBoardingTheme/inc/register-menu-location.php:1) in /var/www/html/wp-admin/includes/misc.php on line 1196
[13-May-2019 13:33:34 UTC] PHP Warning:  Cannot modify header information - headers already sent by (output started at /var/www/html/wp-content/themes/onBoardingTheme/inc/register-menu-location.php:1) in /var/www/html/wp-admin/includes/misc.php on line 1196
[13-May-2019 13:33:46 UTC] PHP Warning:  call_user_func_array() expects parameter 1 to be a valid callback, function 'register_menu_location' not found or invalid function name in /var/www/html/wp-includes/class-wp-hook.php on line 286
[13-May-2019 13:33:46 UTC] PHP Warning:  Cannot modify header information - headers already sent by (output started at /var/www/html/wp-includes/class-wp-hook.php:286) in /var/www/html/wp-admin/includes/misc.php on line 1196
[13-May-2019 13:34:43 UTC] PHP Warning:  Cannot modify header information - headers already sent by (output started at /var/www/html/wp-content/themes/onBoardingTheme/inc/register-menu-location.php:1) in /var/www/html/wp-admin/includes/misc.php on line 1196
[13-May-2019 13:35:54 UTC] PHP Warning:  array_merge(): Argument #2 is not an array in /var/www/html/wp-includes/nav-menu.php on line 95
[13-May-2019 13:35:54 UTC] PHP Warning:  Cannot modify header information - headers already sent by (output started at /var/www/html/wp-content/themes/onBoardingTheme/inc/register-menu-location.php:1) in /var/www/html/wp-admin/includes/misc.php on line 1196
[13-May-2019 13:36:40 UTC] PHP Warning:  Cannot modify header information - headers already sent by (output started at /var/www/html/wp-content/themes/onBoardingTheme/inc/register-menu-location.php:1) in /var/www/html/wp-admin/includes/misc.php on line 1196
[13-May-2019 14:26:30 UTC] PHP Notice:  Undefined index: title in /var/www/html/wp-content/themes/onBoardingTheme/front-page.php on line 56
[13-May-2019 14:26:30 UTC] PHP Notice:  Undefined index: title2 in /var/www/html/wp-content/themes/onBoardingTheme/front-page.php on line 57
[13-May-2019 14:26:30 UTC] PHP Notice:  Undefined index: title3 in /var/www/html/wp-content/themes/onBoardingTheme/front-page.php on line 58
[13-May-2019 14:26:30 UTC] PHP Notice:  Undefined index: title4 in /var/www/html/wp-content/themes/onBoardingTheme/front-page.php on line 59
[13-May-2019 14:26:30 UTC] PHP Notice:  Undefined index: contentTextArea in /var/www/html/wp-content/themes/onBoardingTheme/front-page.php on line 61
[13-May-2019 14:26:30 UTC] PHP Notice:  Undefined index: contentTextArea2 in /var/www/html/wp-content/themes/onBoardingTheme/front-page.php on line 62
[13-May-2019 14:26:30 UTC] PHP Notice:  Undefined index: contentTextArea3 in /var/www/html/wp-content/themes/onBoardingTheme/front-page.php on line 63
[13-May-2019 14:26:30 UTC] PHP Notice:  Undefined index: contentTextArea4 in /var/www/html/wp-content/themes/onBoardingTheme/front-page.php on line 64
[13-May-2019 14:26:50 UTC] PHP Notice:  Undefined index: title in /var/www/html/wp-content/themes/onBoardingTheme/front-page.php on line 57
[13-May-2019 14:26:50 UTC] PHP Notice:  Undefined index: title2 in /var/www/html/wp-content/themes/onBoardingTheme/front-page.php on line 58
[13-May-2019 14:26:50 UTC] PHP Notice:  Undefined index: title3 in /var/www/html/wp-content/themes/onBoardingTheme/front-page.php on line 59
[13-May-2019 14:26:50 UTC] PHP Notice:  Undefined index: title4 in /var/www/html/wp-content/themes/onBoardingTheme/front-page.php on line 60
[13-May-2019 14:26:50 UTC] PHP Notice:  Undefined index: contentTextArea in /var/www/html/wp-content/themes/onBoardingTheme/front-page.php on line 62
[13-May-2019 14:26:50 UTC] PHP Notice:  Undefined index: contentTextArea2 in /var/www/html/wp-content/themes/onBoardingTheme/front-page.php on line 63
[13-May-2019 14:26:50 UTC] PHP Notice:  Undefined index: contentTextArea3 in /var/www/html/wp-content/themes/onBoardingTheme/front-page.php on line 64
[13-May-2019 14:26:50 UTC] PHP Notice:  Undefined index: contentTextArea4 in /var/www/html/wp-content/themes/onBoardingTheme/front-page.php on line 65
[13-May-2019 14:40:28 UTC] PHP Fatal error:  Cannot redeclare guardsman_save_cstMetaData() (previously declared in /var/www/html/wp-content/themes/onBoardingTheme/inc/create-meta-box-for-custom-post-type.php:48) in /var/www/html/wp-content/themes/onBoardingTheme/inc/create-meta-boxes.php on line 109
[13-May-2019 14:40:28 UTC] PHP Fatal error:  Cannot redeclare guardsman_save_cstMetaData() (previously declared in /var/www/html/wp-content/themes/onBoardingTheme/inc/create-meta-box-for-custom-post-type.php:48) in /var/www/html/wp-content/themes/onBoardingTheme/inc/create-meta-boxes.php on line 109
[13-May-2019 14:45:39 UTC] PHP Parse error:  syntax error, unexpected '$post' (T_VARIABLE) in /var/www/html/wp-content/themes/onBoardingTheme/page-faq-list.php on line 63
[13-May-2019 14:52:19 UTC] PHP Notice:  Undefined variable: post_with_workflow_items in /var/www/html/wp-content/themes/onBoardingTheme/page-faq-list.php on line 36
[13-May-2019 14:52:19 UTC] PHP Notice:  Undefined variable: post_with_workflow_items in /var/www/html/wp-content/themes/onBoardingTheme/page-faq-list.php on line 37
[13-May-2019 14:52:35 UTC] PHP Notice:  Undefined variable: post_with_workflow_items in /var/www/html/wp-content/themes/onBoardingTheme/page-faq-list.php on line 38
[13-May-2019 14:52:35 UTC] PHP Notice:  Undefined variable: post_with_workflow_items in /var/www/html/wp-content/themes/onBoardingTheme/page-faq-list.php on line 39
[13-May-2019 14:53:34 UTC] PHP Parse error:  syntax error, unexpected 'echo' (T_ECHO), expecting ',' or ';' in /var/www/html/wp-content/themes/onBoardingTheme/page-faq-list.php on line 37
[13-May-2019 14:53:40 UTC] PHP Notice:  Undefined variable: post_with_workflow_items in /var/www/html/wp-content/themes/onBoardingTheme/page-faq-list.php on line 38
[13-May-2019 14:53:40 UTC] PHP Notice:  Undefined variable: post_with_workflow_items in /var/www/html/wp-content/themes/onBoardingTheme/page-faq-list.php on line 39
